<?xml version="1.0" encoding="UTF-8"?>
<coverage generated="1742469150710" clover="3.2.0">
  <project timestamp="1742469150710" name="All files">
    <metrics statements="39" coveredstatements="36" conditionals="4" coveredconditionals="4" methods="13" coveredmethods="13" elements="56" coveredelements="53" complexity="0" loc="39" ncloc="39" packages="2" files="4" classes="4"/>
    <package name="src">
      <metrics statements="35" coveredstatements="32" conditionals="2" coveredconditionals="2" methods="12" coveredmethods="12"/>
      <file name="index.ts" path="/Users/mac/Desktop/spithacode/stream/input-manager/src/index.ts">
        <metrics statements="3" coveredstatements="0" conditionals="0" coveredconditionals="0" methods="0" coveredmethods="0"/>
        <line num="1" count="0" type="stmt"/>
        <line num="2" count="0" type="stmt"/>
        <line num="3" count="0" type="stmt"/>
      </file>
      <file name="input-manager.ts" path="/Users/mac/Desktop/spithacode/stream/input-manager/src/input-manager.ts">
        <metrics statements="31" coveredstatements="31" conditionals="2" coveredconditionals="2" methods="12" coveredmethods="12"/>
        <line num="3" count="2" type="stmt"/>
        <line num="5" count="2" type="stmt"/>
        <line num="6" count="12" type="stmt"/>
        <line num="7" count="12" type="stmt"/>
        <line num="8" count="12" type="stmt"/>
        <line num="12" count="12" type="stmt"/>
        <line num="15" count="12" type="stmt"/>
        <line num="16" count="12" type="stmt"/>
        <line num="17" count="12" type="stmt"/>
        <line num="20" count="12" type="stmt"/>
        <line num="21" count="12" type="stmt"/>
        <line num="25" count="1" type="stmt"/>
        <line num="26" count="1" type="stmt"/>
        <line num="33" count="5" type="stmt"/>
        <line num="35" count="5" type="stmt"/>
        <line num="39" count="2" type="stmt"/>
        <line num="41" count="2" type="stmt"/>
        <line num="45" count="35" type="cond" truecount="1" falsecount="0"/>
        <line num="46" count="29" type="stmt"/>
        <line num="51" count="9" type="cond" truecount="1" falsecount="0"/>
        <line num="52" count="9" type="stmt"/>
        <line num="58" count="44" type="stmt"/>
        <line num="62" count="15" type="stmt"/>
        <line num="66" count="15" type="stmt"/>
        <line num="70" count="3" type="stmt"/>
        <line num="74" count="1" type="stmt"/>
        <line num="78" count="10" type="stmt"/>
        <line num="79" count="10" type="stmt"/>
        <line num="80" count="10" type="stmt"/>
        <line num="81" count="10" type="stmt"/>
        <line num="82" count="10" type="stmt"/>
      </file>
      <file name="validKeys.ts" path="/Users/mac/Desktop/spithacode/stream/input-manager/src/validKeys.ts">
        <metrics statements="1" coveredstatements="1" conditionals="0" coveredconditionals="0" methods="0" coveredmethods="0"/>
        <line num="1" count="2" type="stmt"/>
      </file>
    </package>
    <package name="src.types">
      <metrics statements="4" coveredstatements="4" conditionals="2" coveredconditionals="2" methods="1" coveredmethods="1"/>
      <file name="mouse.ts" path="/Users/mac/Desktop/spithacode/stream/input-manager/src/types/mouse.ts">
        <metrics statements="4" coveredstatements="4" conditionals="2" coveredconditionals="2" methods="1" coveredmethods="1"/>
        <line num="1" count="2" type="cond" truecount="2" falsecount="0"/>
        <line num="2" count="2" type="stmt"/>
        <line num="3" count="2" type="stmt"/>
        <line num="4" count="2" type="stmt"/>
      </file>
    </package>
  </project>
</coverage>
