TN:
SF:src/index.ts
FNF:0
FNH:0
DA:1,0
DA:2,0
DA:3,0
LF:3
LH:0
BRF:0
BRH:0
end_of_record
TN:
SF:src/input-manager.ts
FN:11,(anonymous_0)
FN:24,(anonymous_1)
FN:32,(anonymous_2)
FN:38,(anonymous_3)
FN:44,(anonymous_4)
FN:50,(anonymous_5)
FN:56,(anonymous_6)
FN:61,(anonymous_7)
FN:65,(anonymous_8)
FN:69,(anonymous_9)
FN:73,(anonymous_10)
FN:77,(anonymous_11)
FNF:12
FNH:12
FNDA:12,(anonymous_0)
FNDA:1,(anonymous_1)
FNDA:5,(anonymous_2)
FNDA:2,(anonymous_3)
FNDA:35,(anonymous_4)
FNDA:9,(anonymous_5)
FNDA:44,(anonymous_6)
FNDA:15,(anonymous_7)
FNDA:15,(anonymous_8)
FNDA:3,(anonymous_9)
FNDA:1,(anonymous_10)
FNDA:10,(anonymous_11)
DA:3,2
DA:5,2
DA:6,12
DA:7,12
DA:8,12
DA:12,12
DA:15,12
DA:16,12
DA:17,12
DA:20,12
DA:21,12
DA:25,1
DA:26,1
DA:33,5
DA:35,5
DA:39,2
DA:41,2
DA:45,35
DA:46,29
DA:51,9
DA:52,9
DA:58,44
DA:62,15
DA:66,15
DA:70,3
DA:74,1
DA:78,10
DA:79,10
DA:80,10
DA:81,10
DA:82,10
LF:31
LH:31
BRDA:45,0,0,29
BRDA:51,1,0,9
BRF:2
BRH:2
end_of_record
TN:
SF:src/validKeys.ts
FNF:0
FNH:0
DA:1,2
LF:1
LH:1
BRF:0
BRH:0
end_of_record
TN:
SF:src/types/mouse.ts
FN:1,(anonymous_0)
FNF:1
FNH:1
FNDA:2,(anonymous_0)
DA:1,2
DA:2,2
DA:3,2
DA:4,2
LF:4
LH:4
BRDA:1,0,0,2
BRDA:1,0,1,2
BRF:2
BRH:2
end_of_record
